

Microchip MPLAB XC8 Assembler V2.32 build 20210201212658 
                                                                                               Sun Mar 07 15:34:16 2021

Microchip MPLAB XC8 C Compiler v2.32 (Free license) build 20210201212658 Og1 
     1                           	processor	16F887
     2                           	pagewidth 120
     3                           	opt	flic
     4                           	psect	cinit,global,class=CODE,merge=1,delta=2
     5                           	psect	cstackCOMMON,global,class=COMMON,space=1,delta=1,noexec
     6                           	psect	maintext,global,class=CODE,split=1,delta=2
     7                           	psect	text1,local,class=CODE,merge=1,delta=2
     8                           	psect	config,global,abs,ovrld,class=CONFIG,space=4,delta=2,noexec
     9                           	dabs	1,0x7E,2
    10  0000                     
    11                           ; Version 2.20
    12                           ; Generated 12/02/2020 GMT
    13                           ; 
    14                           ; Copyright © 2020, Microchip Technology Inc. and its subsidiaries ("Microchip")
    15                           ; All rights reserved.
    16                           ; 
    17                           ; This software is developed by Microchip Technology Inc. and its subsidiaries ("Microch
      +                          ip").
    18                           ; 
    19                           ; Redistribution and use in source and binary forms, with or without modification, are
    20                           ; permitted provided that the following conditions are met:
    21                           ; 
    22                           ;     1. Redistributions of source code must retain the above copyright notice, this lis
      +                          t of
    23                           ;        conditions and the following disclaimer.
    24                           ; 
    25                           ;     2. Redistributions in binary form must reproduce the above copyright notice, this 
      +                          list
    26                           ;        of conditions and the following disclaimer in the documentation and/or other
    27                           ;        materials provided with the distribution.
    28                           ; 
    29                           ;     3. Microchip's name may not be used to endorse or promote products derived from th
      +                          is
    30                           ;        software without specific prior written permission.
    31                           ; 
    32                           ; THIS SOFTWARE IS PROVIDED BY MICROCHIP "AS IS" AND ANY EXPRESS OR IMPLIED WARRANTIES,
    33                           ; INCLUDING, BUT NOT LIMITED TO, THE IMPLIED WARRANTIES OF MERCHANTABILITY AND FITNESS F
      +                          OR
    34                           ; PURPOSE ARE DISCLAIMED.  IN NO EVENT SHALL MICROCHIP BE LIABLE FOR ANY DIRECT, INDIREC
      +                          T,
    35                           ; INCIDENTAL, SPECIAL, EXEMPLARY, OR CONSEQUENTIAL DAMAGES (INCLUDING BUT NOT LIMITED TO
    36                           ; PROCUREMENT OF SUBSTITUTE GOODS OR SERVICES; LOSS OF USE, DATA OR PROFITS; OR BUSINESS
    37                           ; INTERRUPTION) HOWSOEVER CAUSED AND ON ANY THEORY OF LIABILITY, WHETHER IN CONTRACT, ST
      +                          RICT
    38                           ; LIABILITY, OR TORT (INCLUDING NEGLIGENCE OR OTHERWISE) ARISING IN ANY WAY OUT OF THE U
      +                          SE OF
    39                           ; THIS SOFTWARE, EVEN IF ADVISED OF THE POSSIBILITY OF SUCH DAMAGE.
    40                           ; 
    41                           ; 
    42                           ; Code-generator required, PIC16F887 Definitions
    43                           ; 
    44                           ; SFR Addresses
    45  0000                     	;# 
    46  0001                     	;# 
    47  0002                     	;# 
    48  0003                     	;# 
    49  0004                     	;# 
    50  0005                     	;# 
    51  0006                     	;# 
    52  0007                     	;# 
    53  0008                     	;# 
    54  0009                     	;# 
    55  000A                     	;# 
    56  000B                     	;# 
    57  000C                     	;# 
    58  000D                     	;# 
    59  000E                     	;# 
    60  000E                     	;# 
    61  000F                     	;# 
    62  0010                     	;# 
    63  0011                     	;# 
    64  0012                     	;# 
    65  0013                     	;# 
    66  0014                     	;# 
    67  0015                     	;# 
    68  0015                     	;# 
    69  0016                     	;# 
    70  0017                     	;# 
    71  0018                     	;# 
    72  0019                     	;# 
    73  001A                     	;# 
    74  001B                     	;# 
    75  001B                     	;# 
    76  001C                     	;# 
    77  001D                     	;# 
    78  001E                     	;# 
    79  001F                     	;# 
    80  0081                     	;# 
    81  0085                     	;# 
    82  0086                     	;# 
    83  0087                     	;# 
    84  0088                     	;# 
    85  0089                     	;# 
    86  008C                     	;# 
    87  008D                     	;# 
    88  008E                     	;# 
    89  008F                     	;# 
    90  0090                     	;# 
    91  0091                     	;# 
    92  0092                     	;# 
    93  0093                     	;# 
    94  0093                     	;# 
    95  0093                     	;# 
    96  0094                     	;# 
    97  0095                     	;# 
    98  0096                     	;# 
    99  0097                     	;# 
   100  0098                     	;# 
   101  0099                     	;# 
   102  009A                     	;# 
   103  009B                     	;# 
   104  009C                     	;# 
   105  009D                     	;# 
   106  009E                     	;# 
   107  009F                     	;# 
   108  0105                     	;# 
   109  0107                     	;# 
   110  0108                     	;# 
   111  0109                     	;# 
   112  010C                     	;# 
   113  010C                     	;# 
   114  010D                     	;# 
   115  010E                     	;# 
   116  010F                     	;# 
   117  0185                     	;# 
   118  0187                     	;# 
   119  0188                     	;# 
   120  0189                     	;# 
   121  018C                     	;# 
   122  018D                     	;# 
   123  0000                     	;# 
   124  0001                     	;# 
   125  0002                     	;# 
   126  0003                     	;# 
   127  0004                     	;# 
   128  0005                     	;# 
   129  0006                     	;# 
   130  0007                     	;# 
   131  0008                     	;# 
   132  0009                     	;# 
   133  000A                     	;# 
   134  000B                     	;# 
   135  000C                     	;# 
   136  000D                     	;# 
   137  000E                     	;# 
   138  000E                     	;# 
   139  000F                     	;# 
   140  0010                     	;# 
   141  0011                     	;# 
   142  0012                     	;# 
   143  0013                     	;# 
   144  0014                     	;# 
   145  0015                     	;# 
   146  0015                     	;# 
   147  0016                     	;# 
   148  0017                     	;# 
   149  0018                     	;# 
   150  0019                     	;# 
   151  001A                     	;# 
   152  001B                     	;# 
   153  001B                     	;# 
   154  001C                     	;# 
   155  001D                     	;# 
   156  001E                     	;# 
   157  001F                     	;# 
   158  0081                     	;# 
   159  0085                     	;# 
   160  0086                     	;# 
   161  0087                     	;# 
   162  0088                     	;# 
   163  0089                     	;# 
   164  008C                     	;# 
   165  008D                     	;# 
   166  008E                     	;# 
   167  008F                     	;# 
   168  0090                     	;# 
   169  0091                     	;# 
   170  0092                     	;# 
   171  0093                     	;# 
   172  0093                     	;# 
   173  0093                     	;# 
   174  0094                     	;# 
   175  0095                     	;# 
   176  0096                     	;# 
   177  0097                     	;# 
   178  0098                     	;# 
   179  0099                     	;# 
   180  009A                     	;# 
   181  009B                     	;# 
   182  009C                     	;# 
   183  009D                     	;# 
   184  009E                     	;# 
   185  009F                     	;# 
   186  0105                     	;# 
   187  0107                     	;# 
   188  0108                     	;# 
   189  0109                     	;# 
   190  010C                     	;# 
   191  010C                     	;# 
   192  010D                     	;# 
   193  010E                     	;# 
   194  010F                     	;# 
   195  0185                     	;# 
   196  0187                     	;# 
   197  0188                     	;# 
   198  0189                     	;# 
   199  018C                     	;# 
   200  018D                     	;# 
   201  0000                     	;# 
   202  0001                     	;# 
   203  0002                     	;# 
   204  0003                     	;# 
   205  0004                     	;# 
   206  0005                     	;# 
   207  0006                     	;# 
   208  0007                     	;# 
   209  0008                     	;# 
   210  0009                     	;# 
   211  000A                     	;# 
   212  000B                     	;# 
   213  000C                     	;# 
   214  000D                     	;# 
   215  000E                     	;# 
   216  000E                     	;# 
   217  000F                     	;# 
   218  0010                     	;# 
   219  0011                     	;# 
   220  0012                     	;# 
   221  0013                     	;# 
   222  0014                     	;# 
   223  0015                     	;# 
   224  0015                     	;# 
   225  0016                     	;# 
   226  0017                     	;# 
   227  0018                     	;# 
   228  0019                     	;# 
   229  001A                     	;# 
   230  001B                     	;# 
   231  001B                     	;# 
   232  001C                     	;# 
   233  001D                     	;# 
   234  001E                     	;# 
   235  001F                     	;# 
   236  0081                     	;# 
   237  0085                     	;# 
   238  0086                     	;# 
   239  0087                     	;# 
   240  0088                     	;# 
   241  0089                     	;# 
   242  008C                     	;# 
   243  008D                     	;# 
   244  008E                     	;# 
   245  008F                     	;# 
   246  0090                     	;# 
   247  0091                     	;# 
   248  0092                     	;# 
   249  0093                     	;# 
   250  0093                     	;# 
   251  0093                     	;# 
   252  0094                     	;# 
   253  0095                     	;# 
   254  0096                     	;# 
   255  0097                     	;# 
   256  0098                     	;# 
   257  0099                     	;# 
   258  009A                     	;# 
   259  009B                     	;# 
   260  009C                     	;# 
   261  009D                     	;# 
   262  009E                     	;# 
   263  009F                     	;# 
   264  0105                     	;# 
   265  0107                     	;# 
   266  0108                     	;# 
   267  0109                     	;# 
   268  010C                     	;# 
   269  010C                     	;# 
   270  010D                     	;# 
   271  010E                     	;# 
   272  010F                     	;# 
   273  0185                     	;# 
   274  0187                     	;# 
   275  0188                     	;# 
   276  0189                     	;# 
   277  018C                     	;# 
   278  018D                     	;# 
   279  0000                     	;# 
   280  0001                     	;# 
   281  0002                     	;# 
   282  0003                     	;# 
   283  0004                     	;# 
   284  0005                     	;# 
   285  0006                     	;# 
   286  0007                     	;# 
   287  0008                     	;# 
   288  0009                     	;# 
   289  000A                     	;# 
   290  000B                     	;# 
   291  000C                     	;# 
   292  000D                     	;# 
   293  000E                     	;# 
   294  000E                     	;# 
   295  000F                     	;# 
   296  0010                     	;# 
   297  0011                     	;# 
   298  0012                     	;# 
   299  0013                     	;# 
   300  0014                     	;# 
   301  0015                     	;# 
   302  0015                     	;# 
   303  0016                     	;# 
   304  0017                     	;# 
   305  0018                     	;# 
   306  0019                     	;# 
   307  001A                     	;# 
   308  001B                     	;# 
   309  001B                     	;# 
   310  001C                     	;# 
   311  001D                     	;# 
   312  001E                     	;# 
   313  001F                     	;# 
   314  0081                     	;# 
   315  0085                     	;# 
   316  0086                     	;# 
   317  0087                     	;# 
   318  0088                     	;# 
   319  0089                     	;# 
   320  008C                     	;# 
   321  008D                     	;# 
   322  008E                     	;# 
   323  008F                     	;# 
   324  0090                     	;# 
   325  0091                     	;# 
   326  0092                     	;# 
   327  0093                     	;# 
   328  0093                     	;# 
   329  0093                     	;# 
   330  0094                     	;# 
   331  0095                     	;# 
   332  0096                     	;# 
   333  0097                     	;# 
   334  0098                     	;# 
   335  0099                     	;# 
   336  009A                     	;# 
   337  009B                     	;# 
   338  009C                     	;# 
   339  009D                     	;# 
   340  009E                     	;# 
   341  009F                     	;# 
   342  0105                     	;# 
   343  0107                     	;# 
   344  0108                     	;# 
   345  0109                     	;# 
   346  010C                     	;# 
   347  010C                     	;# 
   348  010D                     	;# 
   349  010E                     	;# 
   350  010F                     	;# 
   351  0185                     	;# 
   352  0187                     	;# 
   353  0188                     	;# 
   354  0189                     	;# 
   355  018C                     	;# 
   356  018D                     	;# 
   357  0019                     _TXREG	set	25
   358  001A                     _RCREG	set	26
   359  000B                     _INTCONbits	set	11
   360  0018                     _RCSTAbits	set	24
   361  0009                     _PORTE	set	9
   362  0008                     _PORTD	set	8
   363  0007                     _PORTC	set	7
   364  0006                     _PORTB	set	6
   365  0005                     _PORTA	set	5
   366  0065                     _RCIF	set	101
   367  008C                     _PIE1bits	set	140
   368  0098                     _TXSTAbits	set	152
   369  0099                     _SPBRG	set	153
   370  0089                     _TRISE	set	137
   371  0088                     _TRISD	set	136
   372  0086                     _TRISB	set	134
   373  0085                     _TRISA	set	133
   374  04C1                     _TRMT	set	1217
   375  0189                     _ANSELH	set	393
   376  0188                     _ANSEL	set	392
   377                           
   378                           	psect	cinit
   379  07FC                     start_initialization:	
   380                           ; #config settings
   381                           
   382  07FC                     __initialization:
   383  07FC                     end_of_initialization:	
   384                           ;End of C runtime variable initialization code
   385                           
   386  07FC                     __end_of__initialization:
   387  07FC  0183               	clrf	3
   388  07FD  120A  118A  2FDF   	ljmp	_main	;jump to C main() function
   389                           
   390                           	psect	cstackCOMMON
   391  0000                     __pcstackCOMMON:
   392  0000                     ?_setup:
   393  0000                     ??_setup:	
   394                           ; 1 bytes @ 0x0
   395                           
   396  0000                     ?_main:	
   397                           ; 1 bytes @ 0x0
   398                           
   399  0000                     ??_main:	
   400                           ; 1 bytes @ 0x0
   401                           
   402                           
   403                           	psect	maintext
   404  07DF                     __pmaintext:	
   405                           ; 1 bytes @ 0x0
   406 ;;
   407 ;;Main: autosize = 0, tempsize = 0, incstack = 0, save=0
   408 ;;
   409 ;; *************** function _main *****************
   410 ;; Defined at:
   411 ;;		line 63 in file "Master.c"
   412 ;; Parameters:    Size  Location     Type
   413 ;;		None
   414 ;; Auto vars:     Size  Location     Type
   415 ;;		None
   416 ;; Return value:  Size  Location     Type
   417 ;;                  1    wreg      void 
   418 ;; Registers used:
   419 ;;		wreg, status,2, status,0, pclath, cstack
   420 ;; Tracked objects:
   421 ;;		On entry : B00/0
   422 ;;		On exit  : 0/0
   423 ;;		Unchanged: 0/0
   424 ;; Data sizes:     COMMON   BANK0   BANK1   BANK3   BANK2
   425 ;;      Params:         0       0       0       0       0
   426 ;;      Locals:         0       0       0       0       0
   427 ;;      Temps:          0       0       0       0       0
   428 ;;      Totals:         0       0       0       0       0
   429 ;;Total ram usage:        0 bytes
   430 ;; Hardware stack levels required when called: 1
   431 ;; This function calls:
   432 ;;		_setup
   433 ;; This function is called by:
   434 ;;		Startup code after reset
   435 ;; This function uses a non-reentrant model
   436 ;;
   437                           
   438                           
   439                           ;psect for function _main
   440  07DF                     _main:
   441  07DF                     l669:	
   442                           ;incstack = 0
   443                           ; Regs used in _main: [wreg+status,2+status,0+pclath+cstack]
   444                           
   445                           
   446                           ;Master.c: 65:     setup();
   447  07DF  120A  118A  27E8  120A  118A  	fcall	_setup
   448  07E4                     l29:	
   449                           ;Master.c: 71:     while (1) {
   450                           
   451  07E4                     l30:	
   452                           ;Master.c: 73:     }
   453                           
   454  07E4  2FE4               	goto	l29
   455  07E5  120A  118A  2800   	ljmp	start
   456  07E8                     __end_of_main:
   457                           
   458                           	psect	text1
   459  07E8                     __ptext1:	
   460 ;; *************** function _setup *****************
   461 ;; Defined at:
   462 ;;		line 81 in file "Master.c"
   463 ;; Parameters:    Size  Location     Type
   464 ;;		None
   465 ;; Auto vars:     Size  Location     Type
   466 ;;		None
   467 ;; Return value:  Size  Location     Type
   468 ;;                  1    wreg      void 
   469 ;; Registers used:
   470 ;;		wreg, status,2
   471 ;; Tracked objects:
   472 ;;		On entry : 0/0
   473 ;;		On exit  : 0/0
   474 ;;		Unchanged: 0/0
   475 ;; Data sizes:     COMMON   BANK0   BANK1   BANK3   BANK2
   476 ;;      Params:         0       0       0       0       0
   477 ;;      Locals:         0       0       0       0       0
   478 ;;      Temps:          0       0       0       0       0
   479 ;;      Totals:         0       0       0       0       0
   480 ;;Total ram usage:        0 bytes
   481 ;; Hardware stack levels used: 1
   482 ;; This function calls:
   483 ;;		Nothing
   484 ;; This function is called by:
   485 ;;		_main
   486 ;; This function uses a non-reentrant model
   487 ;;
   488                           
   489                           
   490                           ;psect for function _setup
   491  07E8                     _setup:
   492  07E8                     l663:	
   493                           ;incstack = 0
   494                           ; Regs used in _setup: [wreg+status,2]
   495                           
   496                           
   497                           ;Master.c: 82:     ANSEL = 0b00001001;
   498  07E8  3009               	movlw	9
   499  07E9  1683               	bsf	3,5	;RP0=1, select bank3
   500  07EA  1703               	bsf	3,6	;RP1=1, select bank3
   501  07EB  0088               	movwf	8	;volatile
   502  07EC                     l665:
   503                           
   504                           ;Master.c: 83:     ANSELH= 0b00000000;
   505  07EC  0189               	clrf	9	;volatile
   506  07ED                     l667:
   507                           
   508                           ;Master.c: 84:     TRISA = 0b00001001;
   509  07ED  3009               	movlw	9
   510  07EE  1683               	bsf	3,5	;RP0=1, select bank1
   511  07EF  1303               	bcf	3,6	;RP1=0, select bank1
   512  07F0  0085               	movwf	5	;volatile
   513                           
   514                           ;Master.c: 85:     TRISB = 0b00000000;
   515  07F1  0186               	clrf	6	;volatile
   516                           
   517                           ;Master.c: 86:     TRISD = 0b00000000;
   518  07F2  0188               	clrf	8	;volatile
   519                           
   520                           ;Master.c: 87:     TRISE = 0;
   521  07F3  0189               	clrf	9	;volatile
   522                           
   523                           ;Master.c: 89:     PORTA = 0;
   524  07F4  1283               	bcf	3,5	;RP0=0, select bank0
   525  07F5  1303               	bcf	3,6	;RP1=0, select bank0
   526  07F6  0185               	clrf	5	;volatile
   527                           
   528                           ;Master.c: 90:     PORTB = 0;
   529  07F7  0186               	clrf	6	;volatile
   530                           
   531                           ;Master.c: 91:     PORTC = 0;
   532  07F8  0187               	clrf	7	;volatile
   533                           
   534                           ;Master.c: 92:     PORTD = 0;
   535  07F9  0188               	clrf	8	;volatile
   536                           
   537                           ;Master.c: 93:     PORTE = 0;
   538  07FA  0189               	clrf	9	;volatile
   539  07FB                     l35:
   540  07FB  0008               	return
   541  07FC                     __end_of_setup:
   542  007E                     btemp	set	126	;btemp
   543  007E                     wtemp0	set	126
   544                           
   545                           	psect	config
   546                           
   547                           ;Config register CONFIG1 @ 0x2007
   548                           ;	Oscillator Selection bits
   549                           ;	FOSC = INTRC_NOCLKOUT, INTOSCIO oscillator: I/O function on RA6/OSC2/CLKOUT pin, I/O f
      +                          unction on RA7/OSC1/CLKIN
   550                           ;	Watchdog Timer Enable bit
   551                           ;	WDTE = OFF, WDT disabled and can be enabled by SWDTEN bit of the WDTCON register
   552                           ;	Power-up Timer Enable bit
   553                           ;	PWRTE = OFF, PWRT disabled
   554                           ;	RE3/MCLR pin function select bit
   555                           ;	MCLRE = OFF, RE3/MCLR pin function is digital input, MCLR internally tied to VDD
   556                           ;	Code Protection bit
   557                           ;	CP = OFF, Program memory code protection is disabled
   558                           ;	Data Code Protection bit
   559                           ;	CPD = OFF, Data memory code protection is disabled
   560                           ;	Brown Out Reset Selection bits
   561                           ;	BOREN = OFF, BOR disabled
   562                           ;	Internal External Switchover bit
   563                           ;	IESO = OFF, Internal/External Switchover mode is disabled
   564                           ;	Fail-Safe Clock Monitor Enabled bit
   565                           ;	FCMEN = OFF, Fail-Safe Clock Monitor is disabled
   566                           ;	Low Voltage Programming Enable bit
   567                           ;	LVP = OFF, RB3 pin has digital I/O, HV on MCLR must be used for programming
   568                           ;	In-Circuit Debugger Mode bit
   569                           ;	DEBUG = 0x1, unprogrammed default
   570  2007                     	org	8199
   571  2007  20D4               	dw	8404
   572                           
   573                           ;Config register CONFIG2 @ 0x2008
   574                           ;	Brown-out Reset Selection bit
   575                           ;	BOR4V = BOR40V, Brown-out Reset set to 4.0V
   576                           ;	Flash Program Memory Self Write Enable bits
   577                           ;	WRT = OFF, Write protection off
   578  2008                     	org	8200
   579  2008  3FFF               	dw	16383

Data Sizes:
    Strings     0
    Constant    0
    Data        0
    BSS         0
    Persistent  0
    Stack       0

Auto Spaces:
    Space          Size  Autos    Used
    COMMON           14      0       0
    BANK0            80      0       0
    BANK1            80      0       0
    BANK3            96      0       0
    BANK2            96      0       0

Pointer List with Targets:

    None.

Critical Paths under _main in COMMON

    None.

Critical Paths under _main in BANK0

    None.

Critical Paths under _main in BANK1

    None.

Critical Paths under _main in BANK3

    None.

Critical Paths under _main in BANK2

    None.

Call Graph Tables:

 ---------------------------------------------------------------------------------
 (Depth) Function   	        Calls       Base Space   Used Autos Params    Refs
 ---------------------------------------------------------------------------------
 (0) _main                                                 0     0      0       0
                              _setup
 ---------------------------------------------------------------------------------
 (1) _setup                                                0     0      0       0
 ---------------------------------------------------------------------------------
 Estimated maximum stack depth 1
 ---------------------------------------------------------------------------------

 Call Graph Graphs:

 _main (ROOT)
   _setup

 Address spaces:
Name               Size   Autos  Total    Cost      Usage
BITCOMMON            E      0       0       0        0.0%
EEDATA             100      0       0       0        0.0%
NULL                 0      0       0       0        0.0%
CODE                 0      0       0       0        0.0%
COMMON               E      0       0       1        0.0%
BITSFR0              0      0       0       1        0.0%
SFR0                 0      0       0       1        0.0%
BITSFR1              0      0       0       2        0.0%
SFR1                 0      0       0       2        0.0%
STACK                0      0       0       2        0.0%
ABS                  0      0       0       3        0.0%
BITBANK0            50      0       0       4        0.0%
BITSFR3              0      0       0       4        0.0%
SFR3                 0      0       0       4        0.0%
BANK0               50      0       0       5        0.0%
BITSFR2              0      0       0       5        0.0%
SFR2                 0      0       0       5        0.0%
BITBANK1            50      0       0       6        0.0%
BANK1               50      0       0       7        0.0%
BITBANK3            60      0       0       8        0.0%
BANK3               60      0       0       9        0.0%
BITBANK2            60      0       0      10        0.0%
BANK2               60      0       0      11        0.0%
DATA                 0      0       0      12        0.0%


Microchip Technology PIC Macro Assembler V2.32 build 20210201212658 
Symbol Table                                                                                   Sun Mar 07 15:34:16 2021

                     l30 07E4                       l35 07FB                       l29 07E4  
                    l663 07E8                      l665 07EC                      l667 07ED  
                    l669 07DF                     _RCIF 0065                     _TRMT 04C1  
                   _main 07DF                     btemp 007E                     start 0000  
                  ?_main 0000                    _ANSEL 0188                    _RCREG 001A  
                  _SPBRG 0099                    _PORTA 0005                    _PORTB 0006  
                  _PORTC 0007                    _PORTD 0008                    _PORTE 0009  
                  _TRISA 0085                    _TRISB 0086                    _TRISD 0088  
                  _TRISE 0089                    _TXREG 0019                    _setup 07E8  
                  status 0003                    wtemp0 007E          __initialization 07FC  
           __end_of_main 07E8                   ??_main 0000                   ?_setup 0000  
                 _ANSELH 0189  __end_of__initialization 07FC           __pcstackCOMMON 0000  
          __end_of_setup 07FC                  ??_setup 0000               __pmaintext 07DF  
                __ptext1 07E8     end_of_initialization 07FC                _RCSTAbits 0018  
              _TXSTAbits 0098      start_initialization 07FC                ___latbits 0002  
         __size_of_setup 0014                 _PIE1bits 008C            __size_of_main 0009  
             _INTCONbits 000B  
