

Microchip MPLAB XC8 Assembler V2.31 build 20201012212115 
                                                                                               Fri Feb 19 17:13:34 2021

Microchip MPLAB XC8 C Compiler v2.31 (Free license) build 20201012212115 Og1 
     1                           	processor	16F887
     2                           	pagewidth 120
     3                           	opt	flic
     4                           	psect	cinit,global,class=CODE,merge=1,delta=2
     5                           	psect	bssBANK0,global,class=BANK0,space=1,delta=1,noexec
     6                           	psect	cstackCOMMON,global,class=COMMON,space=1,delta=1,noexec
     7                           	psect	cstackBANK0,global,class=BANK0,space=1,delta=1,noexec
     8                           	psect	maintext,global,class=CODE,split=1,delta=2
     9                           	psect	text1,local,class=CODE,merge=1,delta=2
    10                           	psect	text2,local,class=CODE,merge=1,delta=2
    11                           	psect	intentry,global,class=CODE,delta=2
    12                           	psect	text3,local,class=CODE,merge=1,delta=2,group=2
    13                           	psect	text4,local,class=CODE,merge=1,delta=2,group=2
    14                           	psect	text5,local,class=CODE,merge=1,delta=2,group=1
    15                           	psect	text6,local,class=CODE,merge=1,delta=2,group=1
    16                           	psect	text7,local,class=CODE,merge=1,delta=2
    17                           	psect	config,global,abs,ovrld,class=CONFIG,space=4,delta=2,noexec
    18                           	dabs	1,0x7E,2
    19  0000                     
    20                           ; Version 2.20
    21                           ; Generated 12/02/2020 GMT
    22                           ; 
    23                           ; Copyright © 2020, Microchip Technology Inc. and its subsidiaries ("Microchip")
    24                           ; All rights reserved.
    25                           ; 
    26                           ; This software is developed by Microchip Technology Inc. and its subsidiaries ("Microch
      +                          ip").
    27                           ; 
    28                           ; Redistribution and use in source and binary forms, with or without modification, are
    29                           ; permitted provided that the following conditions are met:
    30                           ; 
    31                           ;     1. Redistributions of source code must retain the above copyright notice, this lis
      +                          t of
    32                           ;        conditions and the following disclaimer.
    33                           ; 
    34                           ;     2. Redistributions in binary form must reproduce the above copyright notice, this 
      +                          list
    35                           ;        of conditions and the following disclaimer in the documentation and/or other
    36                           ;        materials provided with the distribution.
    37                           ; 
    38                           ;     3. Microchip's name may not be used to endorse or promote products derived from th
      +                          is
    39                           ;        software without specific prior written permission.
    40                           ; 
    41                           ; THIS SOFTWARE IS PROVIDED BY MICROCHIP "AS IS" AND ANY EXPRESS OR IMPLIED WARRANTIES,
    42                           ; INCLUDING, BUT NOT LIMITED TO, THE IMPLIED WARRANTIES OF MERCHANTABILITY AND FITNESS F
      +                          OR
    43                           ; PURPOSE ARE DISCLAIMED.  IN NO EVENT SHALL MICROCHIP BE LIABLE FOR ANY DIRECT, INDIREC
      +                          T,
    44                           ; INCIDENTAL, SPECIAL, EXEMPLARY, OR CONSEQUENTIAL DAMAGES (INCLUDING BUT NOT LIMITED TO
    45                           ; PROCUREMENT OF SUBSTITUTE GOODS OR SERVICES; LOSS OF USE, DATA OR PROFITS; OR BUSINESS
    46                           ; INTERRUPTION) HOWSOEVER CAUSED AND ON ANY THEORY OF LIABILITY, WHETHER IN CONTRACT, ST
      +                          RICT
    47                           ; LIABILITY, OR TORT (INCLUDING NEGLIGENCE OR OTHERWISE) ARISING IN ANY WAY OUT OF THE U
      +                          SE OF
    48                           ; THIS SOFTWARE, EVEN IF ADVISED OF THE POSSIBILITY OF SUCH DAMAGE.
    49                           ; 
    50                           ; 
    51                           ; Code-generator required, PIC16F887 Definitions
    52                           ; 
    53                           ; SFR Addresses
    54  0000                     	;# 
    55  0001                     	;# 
    56  0002                     	;# 
    57  0003                     	;# 
    58  0004                     	;# 
    59  0005                     	;# 
    60  0006                     	;# 
    61  0007                     	;# 
    62  0008                     	;# 
    63  0009                     	;# 
    64  000A                     	;# 
    65  000B                     	;# 
    66  000C                     	;# 
    67  000D                     	;# 
    68  000E                     	;# 
    69  000E                     	;# 
    70  000F                     	;# 
    71  0010                     	;# 
    72  0011                     	;# 
    73  0012                     	;# 
    74  0013                     	;# 
    75  0014                     	;# 
    76  0015                     	;# 
    77  0015                     	;# 
    78  0016                     	;# 
    79  0017                     	;# 
    80  0018                     	;# 
    81  0019                     	;# 
    82  001A                     	;# 
    83  001B                     	;# 
    84  001B                     	;# 
    85  001C                     	;# 
    86  001D                     	;# 
    87  001E                     	;# 
    88  001F                     	;# 
    89  0081                     	;# 
    90  0085                     	;# 
    91  0086                     	;# 
    92  0087                     	;# 
    93  0088                     	;# 
    94  0089                     	;# 
    95  008C                     	;# 
    96  008D                     	;# 
    97  008E                     	;# 
    98  008F                     	;# 
    99  0090                     	;# 
   100  0091                     	;# 
   101  0092                     	;# 
   102  0093                     	;# 
   103  0093                     	;# 
   104  0093                     	;# 
   105  0094                     	;# 
   106  0095                     	;# 
   107  0096                     	;# 
   108  0097                     	;# 
   109  0098                     	;# 
   110  0099                     	;# 
   111  009A                     	;# 
   112  009B                     	;# 
   113  009C                     	;# 
   114  009D                     	;# 
   115  009E                     	;# 
   116  009F                     	;# 
   117  0105                     	;# 
   118  0107                     	;# 
   119  0108                     	;# 
   120  0109                     	;# 
   121  010C                     	;# 
   122  010C                     	;# 
   123  010D                     	;# 
   124  010E                     	;# 
   125  010F                     	;# 
   126  0185                     	;# 
   127  0187                     	;# 
   128  0188                     	;# 
   129  0189                     	;# 
   130  018C                     	;# 
   131  018D                     	;# 
   132  0000                     	;# 
   133  0001                     	;# 
   134  0002                     	;# 
   135  0003                     	;# 
   136  0004                     	;# 
   137  0005                     	;# 
   138  0006                     	;# 
   139  0007                     	;# 
   140  0008                     	;# 
   141  0009                     	;# 
   142  000A                     	;# 
   143  000B                     	;# 
   144  000C                     	;# 
   145  000D                     	;# 
   146  000E                     	;# 
   147  000E                     	;# 
   148  000F                     	;# 
   149  0010                     	;# 
   150  0011                     	;# 
   151  0012                     	;# 
   152  0013                     	;# 
   153  0014                     	;# 
   154  0015                     	;# 
   155  0015                     	;# 
   156  0016                     	;# 
   157  0017                     	;# 
   158  0018                     	;# 
   159  0019                     	;# 
   160  001A                     	;# 
   161  001B                     	;# 
   162  001B                     	;# 
   163  001C                     	;# 
   164  001D                     	;# 
   165  001E                     	;# 
   166  001F                     	;# 
   167  0081                     	;# 
   168  0085                     	;# 
   169  0086                     	;# 
   170  0087                     	;# 
   171  0088                     	;# 
   172  0089                     	;# 
   173  008C                     	;# 
   174  008D                     	;# 
   175  008E                     	;# 
   176  008F                     	;# 
   177  0090                     	;# 
   178  0091                     	;# 
   179  0092                     	;# 
   180  0093                     	;# 
   181  0093                     	;# 
   182  0093                     	;# 
   183  0094                     	;# 
   184  0095                     	;# 
   185  0096                     	;# 
   186  0097                     	;# 
   187  0098                     	;# 
   188  0099                     	;# 
   189  009A                     	;# 
   190  009B                     	;# 
   191  009C                     	;# 
   192  009D                     	;# 
   193  009E                     	;# 
   194  009F                     	;# 
   195  0105                     	;# 
   196  0107                     	;# 
   197  0108                     	;# 
   198  0109                     	;# 
   199  010C                     	;# 
   200  010C                     	;# 
   201  010D                     	;# 
   202  010E                     	;# 
   203  010F                     	;# 
   204  0185                     	;# 
   205  0187                     	;# 
   206  0188                     	;# 
   207  0189                     	;# 
   208  018C                     	;# 
   209  018D                     	;# 
   210  0000                     	;# 
   211  0001                     	;# 
   212  0002                     	;# 
   213  0003                     	;# 
   214  0004                     	;# 
   215  0005                     	;# 
   216  0006                     	;# 
   217  0007                     	;# 
   218  0008                     	;# 
   219  0009                     	;# 
   220  000A                     	;# 
   221  000B                     	;# 
   222  000C                     	;# 
   223  000D                     	;# 
   224  000E                     	;# 
   225  000E                     	;# 
   226  000F                     	;# 
   227  0010                     	;# 
   228  0011                     	;# 
   229  0012                     	;# 
   230  0013                     	;# 
   231  0014                     	;# 
   232  0015                     	;# 
   233  0015                     	;# 
   234  0016                     	;# 
   235  0017                     	;# 
   236  0018                     	;# 
   237  0019                     	;# 
   238  001A                     	;# 
   239  001B                     	;# 
   240  001B                     	;# 
   241  001C                     	;# 
   242  001D                     	;# 
   243  001E                     	;# 
   244  001F                     	;# 
   245  0081                     	;# 
   246  0085                     	;# 
   247  0086                     	;# 
   248  0087                     	;# 
   249  0088                     	;# 
   250  0089                     	;# 
   251  008C                     	;# 
   252  008D                     	;# 
   253  008E                     	;# 
   254  008F                     	;# 
   255  0090                     	;# 
   256  0091                     	;# 
   257  0092                     	;# 
   258  0093                     	;# 
   259  0093                     	;# 
   260  0093                     	;# 
   261  0094                     	;# 
   262  0095                     	;# 
   263  0096                     	;# 
   264  0097                     	;# 
   265  0098                     	;# 
   266  0099                     	;# 
   267  009A                     	;# 
   268  009B                     	;# 
   269  009C                     	;# 
   270  009D                     	;# 
   271  009E                     	;# 
   272  009F                     	;# 
   273  0105                     	;# 
   274  0107                     	;# 
   275  0108                     	;# 
   276  0109                     	;# 
   277  010C                     	;# 
   278  010C                     	;# 
   279  010D                     	;# 
   280  010E                     	;# 
   281  010F                     	;# 
   282  0185                     	;# 
   283  0187                     	;# 
   284  0188                     	;# 
   285  0189                     	;# 
   286  018C                     	;# 
   287  018D                     	;# 
   288  0000                     	;# 
   289  0001                     	;# 
   290  0002                     	;# 
   291  0003                     	;# 
   292  0004                     	;# 
   293  0005                     	;# 
   294  0006                     	;# 
   295  0007                     	;# 
   296  0008                     	;# 
   297  0009                     	;# 
   298  000A                     	;# 
   299  000B                     	;# 
   300  000C                     	;# 
   301  000D                     	;# 
   302  000E                     	;# 
   303  000E                     	;# 
   304  000F                     	;# 
   305  0010                     	;# 
   306  0011                     	;# 
   307  0012                     	;# 
   308  0013                     	;# 
   309  0014                     	;# 
   310  0015                     	;# 
   311  0015                     	;# 
   312  0016                     	;# 
   313  0017                     	;# 
   314  0018                     	;# 
   315  0019                     	;# 
   316  001A                     	;# 
   317  001B                     	;# 
   318  001B                     	;# 
   319  001C                     	;# 
   320  001D                     	;# 
   321  001E                     	;# 
   322  001F                     	;# 
   323  0081                     	;# 
   324  0085                     	;# 
   325  0086                     	;# 
   326  0087                     	;# 
   327  0088                     	;# 
   328  0089                     	;# 
   329  008C                     	;# 
   330  008D                     	;# 
   331  008E                     	;# 
   332  008F                     	;# 
   333  0090                     	;# 
   334  0091                     	;# 
   335  0092                     	;# 
   336  0093                     	;# 
   337  0093                     	;# 
   338  0093                     	;# 
   339  0094                     	;# 
   340  0095                     	;# 
   341  0096                     	;# 
   342  0097                     	;# 
   343  0098                     	;# 
   344  0099                     	;# 
   345  009A                     	;# 
   346  009B                     	;# 
   347  009C                     	;# 
   348  009D                     	;# 
   349  009E                     	;# 
   350  009F                     	;# 
   351  0105                     	;# 
   352  0107                     	;# 
   353  0108                     	;# 
   354  0109                     	;# 
   355  010C                     	;# 
   356  010C                     	;# 
   357  010D                     	;# 
   358  010E                     	;# 
   359  010F                     	;# 
   360  0185                     	;# 
   361  0187                     	;# 
   362  0188                     	;# 
   363  0189                     	;# 
   364  018C                     	;# 
   365  018D                     	;# 
   366  0000                     	;# 
   367  0001                     	;# 
   368  0002                     	;# 
   369  0003                     	;# 
   370  0004                     	;# 
   371  0005                     	;# 
   372  0006                     	;# 
   373  0007                     	;# 
   374  0008                     	;# 
   375  0009                     	;# 
   376  000A                     	;# 
   377  000B                     	;# 
   378  000C                     	;# 
   379  000D                     	;# 
   380  000E                     	;# 
   381  000E                     	;# 
   382  000F                     	;# 
   383  0010                     	;# 
   384  0011                     	;# 
   385  0012                     	;# 
   386  0013                     	;# 
   387  0014                     	;# 
   388  0015                     	;# 
   389  0015                     	;# 
   390  0016                     	;# 
   391  0017                     	;# 
   392  0018                     	;# 
   393  0019                     	;# 
   394  001A                     	;# 
   395  001B                     	;# 
   396  001B                     	;# 
   397  001C                     	;# 
   398  001D                     	;# 
   399  001E                     	;# 
   400  001F                     	;# 
   401  0081                     	;# 
   402  0085                     	;# 
   403  0086                     	;# 
   404  0087                     	;# 
   405  0088                     	;# 
   406  0089                     	;# 
   407  008C                     	;# 
   408  008D                     	;# 
   409  008E                     	;# 
   410  008F                     	;# 
   411  0090                     	;# 
   412  0091                     	;# 
   413  0092                     	;# 
   414  0093                     	;# 
   415  0093                     	;# 
   416  0093                     	;# 
   417  0094                     	;# 
   418  0095                     	;# 
   419  0096                     	;# 
   420  0097                     	;# 
   421  0098                     	;# 
   422  0099                     	;# 
   423  009A                     	;# 
   424  009B                     	;# 
   425  009C                     	;# 
   426  009D                     	;# 
   427  009E                     	;# 
   428  009F                     	;# 
   429  0105                     	;# 
   430  0107                     	;# 
   431  0108                     	;# 
   432  0109                     	;# 
   433  010C                     	;# 
   434  010C                     	;# 
   435  010D                     	;# 
   436  010E                     	;# 
   437  010F                     	;# 
   438  0185                     	;# 
   439  0187                     	;# 
   440  0188                     	;# 
   441  0189                     	;# 
   442  018C                     	;# 
   443  018D                     	;# 
   444  0019                     _TXREG	set	25
   445  000B                     _INTCONbits	set	11
   446  0018                     _RCSTAbits	set	24
   447  0009                     _PORTE	set	9
   448  0008                     _PORTD	set	8
   449  0007                     _PORTC	set	7
   450  0006                     _PORTB	set	6
   451  0005                     _PORTA	set	5
   452  001A                     _RCREG	set	26
   453  001E                     _ADRESH	set	30
   454  000C                     _PIR1bits	set	12
   455  001F                     _ADCON0bits	set	31
   456  004A                     _RE2	set	74
   457  0049                     _RE1	set	73
   458  0048                     _RE0	set	72
   459  0065                     _RCIF	set	101
   460  008C                     _PIE1bits	set	140
   461  0098                     _TXSTAbits	set	152
   462  0099                     _SPBRG	set	153
   463  008F                     _OSCCONbits	set	143
   464  0089                     _TRISE	set	137
   465  0088                     _TRISD	set	136
   466  0086                     _TRISB	set	134
   467  0085                     _TRISA	set	133
   468  009F                     _ADCON1bits	set	159
   469  04C1                     _TRMT	set	1217
   470  0189                     _ANSELH	set	393
   471  0188                     _ANSEL	set	392
   472                           
   473                           	psect	cinit
   474  0013                     start_initialization:	
   475                           ; #config settings
   476                           
   477  0013                     __initialization:
   478                           
   479                           ; Clear objects allocated to BANK0
   480  0013  1283               	bcf	3,5	;RP0=0, select bank0
   481  0014  1303               	bcf	3,6	;RP1=0, select bank0
   482  0015  01AF               	clrf	__pbssBANK0& (0+127)
   483  0016  01B0               	clrf	(__pbssBANK0+1)& (0+127)
   484  0017  01B1               	clrf	(__pbssBANK0+2)& (0+127)
   485  0018  01B2               	clrf	(__pbssBANK0+3)& (0+127)
   486  0019  01B3               	clrf	(__pbssBANK0+4)& (0+127)
   487  001A  01B4               	clrf	(__pbssBANK0+5)& (0+127)
   488  001B  01B5               	clrf	(__pbssBANK0+6)& (0+127)
   489  001C  01B6               	clrf	(__pbssBANK0+7)& (0+127)
   490  001D  01B7               	clrf	(__pbssBANK0+8)& (0+127)
   491  001E  01B8               	clrf	(__pbssBANK0+9)& (0+127)
   492  001F                     end_of_initialization:	
   493                           ;End of C runtime variable initialization code
   494                           
   495  001F                     __end_of__initialization:
   496  001F  0183               	clrf	3
   497  0020  120A  118A  2992   	ljmp	_main	;jump to C main() function
   498                           
   499                           	psect	bssBANK0
   500  002F                     __pbssBANK0:
   501  002F                     _Destination:
   502  002F                     	ds	2
   503  0031                     _O:
   504  0031                     	ds	2
   505  0033                     _Contador:
   506  0033                     	ds	1
   507  0034                     _COMPARE:
   508  0034                     	ds	5
   509                           
   510                           	psect	cstackCOMMON
   511  0070                     __pcstackCOMMON:
   512  0070                     ?_setup:
   513  0070                     ?_ISR:	
   514                           ; 1 bytes @ 0x0
   515                           
   516  0070                     ?_main:	
   517                           ; 1 bytes @ 0x0
   518                           
   519  0070                     ?_CONTADOR:	
   520                           ; 1 bytes @ 0x0
   521                           
   522  0070                     ?___lwdiv:	
   523                           ; 2 bytes @ 0x0
   524                           
   525  0070                     ?___lwmod:	
   526                           ; 2 bytes @ 0x0
   527                           
   528  0070                     CONTADOR@n:	
   529                           ; 2 bytes @ 0x0
   530                           
   531  0070                     ___lwdiv@divisor:	
   532                           ; 2 bytes @ 0x0
   533                           
   534  0070                     ___lwmod@divisor:	
   535                           ; 2 bytes @ 0x0
   536                           
   537                           
   538                           ; 2 bytes @ 0x0
   539  0070                     	ds	2
   540  0072                     ??_CONTADOR:
   541  0072                     ___lwdiv@dividend:	
   542                           ; 1 bytes @ 0x2
   543                           
   544  0072                     ___lwmod@dividend:	
   545                           ; 2 bytes @ 0x2
   546                           
   547                           
   548                           ; 2 bytes @ 0x2
   549  0072                     	ds	2
   550  0074                     ??___lwdiv:
   551  0074                     ??___lwmod:	
   552                           ; 1 bytes @ 0x4
   553                           
   554                           
   555                           ; 1 bytes @ 0x4
   556  0074                     	ds	1
   557  0075                     ___lwmod@counter:
   558  0075                     ___lwdiv@quotient:	
   559                           ; 1 bytes @ 0x5
   560                           
   561                           
   562                           ; 2 bytes @ 0x5
   563  0075                     	ds	2
   564  0077                     ___lwdiv@counter:
   565                           
   566                           ; 1 bytes @ 0x7
   567  0077                     	ds	1
   568  0078                     ?_utoa:
   569  0078                     utoa@val:	
   570                           ; 1 bytes @ 0x8
   571                           
   572                           
   573                           ; 2 bytes @ 0x8
   574  0078                     	ds	2
   575  007A                     utoa@base:
   576                           
   577                           ; 2 bytes @ 0xA
   578  007A                     	ds	2
   579  007C                     ??_utoa:
   580                           
   581                           ; 1 bytes @ 0xC
   582  007C                     	ds	1
   583  007D                     ??_itoa:
   584                           
   585                           ; 1 bytes @ 0xD
   586  007D                     	ds	1
   587                           
   588                           	psect	cstackBANK0
   589  0020                     __pcstackBANK0:
   590  0020                     utoa@v:
   591                           
   592                           ; 2 bytes @ 0x0
   593  0020                     	ds	2
   594  0022                     utoa@c:
   595                           
   596                           ; 1 bytes @ 0x2
   597  0022                     	ds	1
   598  0023                     utoa@buf:
   599                           
   600                           ; 1 bytes @ 0x3
   601  0023                     	ds	1
   602  0024                     ?_itoa:
   603  0024                     itoa@val:	
   604                           ; 1 bytes @ 0x4
   605                           
   606                           
   607                           ; 2 bytes @ 0x4
   608  0024                     	ds	2
   609  0026                     itoa@base:
   610                           
   611                           ; 2 bytes @ 0x6
   612  0026                     	ds	3
   613  0029                     itoa@buf:
   614                           
   615                           ; 1 bytes @ 0x9
   616  0029                     	ds	1
   617  002A                     ??_ISR:
   618                           
   619                           ; 1 bytes @ 0xA
   620  002A                     	ds	5
   621  002F                     ??_setup:
   622  002F                     ??_main:	
   623                           ; 1 bytes @ 0xF
   624                           
   625                           
   626                           	psect	maintext
   627  0192                     __pmaintext:	
   628                           ; 1 bytes @ 0xF
   629 ;;
   630 ;;Main: autosize = 0, tempsize = 0, incstack = 0, save=0
   631 ;;
   632 ;; *************** function _main *****************
   633 ;; Defined at:
   634 ;;		line 74 in file "MiniProyectoSPI.c"
   635 ;; Parameters:    Size  Location     Type
   636 ;;		None
   637 ;; Auto vars:     Size  Location     Type
   638 ;;		None
   639 ;; Return value:  Size  Location     Type
   640 ;;                  1    wreg      void 
   641 ;; Registers used:
   642 ;;		wreg, status,2, status,0, pclath, cstack
   643 ;; Tracked objects:
   644 ;;		On entry : B00/0
   645 ;;		On exit  : 0/0
   646 ;;		Unchanged: 0/0
   647 ;; Data sizes:     COMMON   BANK0   BANK1   BANK3   BANK2
   648 ;;      Params:         0       0       0       0       0
   649 ;;      Locals:         0       0       0       0       0
   650 ;;      Temps:          0       0       0       0       0
   651 ;;      Totals:         0       0       0       0       0
   652 ;;Total ram usage:        0 bytes
   653 ;; Hardware stack levels required when called:    5
   654 ;; This function calls:
   655 ;;		_setup
   656 ;; This function is called by:
   657 ;;		Startup code after reset
   658 ;; This function uses a non-reentrant model
   659 ;;
   660                           
   661                           
   662                           ;psect for function _main
   663  0192                     _main:
   664  0192                     l1148:	
   665                           ;incstack = 0
   666                           ; Regs used in _main: [wreg+status,2+status,0+pclath+cstack]
   667                           
   668                           
   669                           ;MiniProyectoSPI.c: 76:     setup();
   670  0192  120A  118A  2169  120A  118A  	fcall	_setup
   671  0197                     l74:	
   672                           ;MiniProyectoSPI.c: 82:     while (1) {
   673                           
   674  0197                     l75:	
   675                           ;MiniProyectoSPI.c: 84:     }
   676                           
   677  0197  2997               	goto	l74
   678  0198  120A  118A  2810   	ljmp	start
   679  019B                     __end_of_main:
   680                           
   681                           	psect	text1
   682  0169                     __ptext1:	
   683 ;; *************** function _setup *****************
   684 ;; Defined at:
   685 ;;		line 91 in file "MiniProyectoSPI.c"
   686 ;; Parameters:    Size  Location     Type
   687 ;;		None
   688 ;; Auto vars:     Size  Location     Type
   689 ;;		None
   690 ;; Return value:  Size  Location     Type
   691 ;;                  1    wreg      void 
   692 ;; Registers used:
   693 ;;		wreg, status,2, status,0
   694 ;; Tracked objects:
   695 ;;		On entry : 0/0
   696 ;;		On exit  : 0/0
   697 ;;		Unchanged: 0/0
   698 ;; Data sizes:     COMMON   BANK0   BANK1   BANK3   BANK2
   699 ;;      Params:         0       0       0       0       0
   700 ;;      Locals:         0       0       0       0       0
   701 ;;      Temps:          0       0       0       0       0
   702 ;;      Totals:         0       0       0       0       0
   703 ;;Total ram usage:        0 bytes
   704 ;; Hardware stack levels used:    1
   705 ;; Hardware stack levels required when called:    4
   706 ;; This function calls:
   707 ;;		Nothing
   708 ;; This function is called by:
   709 ;;		_main
   710 ;; This function uses a non-reentrant model
   711 ;;
   712                           
   713                           
   714                           ;psect for function _setup
   715  0169                     _setup:
   716  0169                     l1124:	
   717                           ;incstack = 0
   718                           ; Regs used in _setup: [wreg+status,2+status,0]
   719                           
   720                           
   721                           ;MiniProyectoSPI.c: 92:     ANSEL = 0b00001001;
   722  0169  3009               	movlw	9
   723  016A  1683               	bsf	3,5	;RP0=1, select bank3
   724  016B  1703               	bsf	3,6	;RP1=1, select bank3
   725  016C  0088               	movwf	8	;volatile
   726  016D                     l1126:
   727                           
   728                           ;MiniProyectoSPI.c: 93:     ANSELH= 0b00000000;
   729  016D  0189               	clrf	9	;volatile
   730  016E                     l1128:
   731                           
   732                           ;MiniProyectoSPI.c: 94:     TRISA = 0b00001001;
   733  016E  3009               	movlw	9
   734  016F  1683               	bsf	3,5	;RP0=1, select bank1
   735  0170  1303               	bcf	3,6	;RP1=0, select bank1
   736  0171  0085               	movwf	5	;volatile
   737                           
   738                           ;MiniProyectoSPI.c: 95:     TRISB = 0b00000000;
   739  0172  0186               	clrf	6	;volatile
   740                           
   741                           ;MiniProyectoSPI.c: 96:     TRISD = 0b00000000;
   742  0173  0188               	clrf	8	;volatile
   743                           
   744                           ;MiniProyectoSPI.c: 97:     TRISE = 0;
   745  0174  0189               	clrf	9	;volatile
   746                           
   747                           ;MiniProyectoSPI.c: 99:     PORTA = 0;
   748  0175  1283               	bcf	3,5	;RP0=0, select bank0
   749  0176  1303               	bcf	3,6	;RP1=0, select bank0
   750  0177  0185               	clrf	5	;volatile
   751                           
   752                           ;MiniProyectoSPI.c: 100:     PORTB = 0;
   753  0178  0186               	clrf	6	;volatile
   754                           
   755                           ;MiniProyectoSPI.c: 101:     PORTC = 0;
   756  0179  0187               	clrf	7	;volatile
   757                           
   758                           ;MiniProyectoSPI.c: 102:     PORTD = 0;
   759  017A  0188               	clrf	8	;volatile
   760                           
   761                           ;MiniProyectoSPI.c: 103:     PORTE = 0;
   762  017B  0189               	clrf	9	;volatile
   763  017C                     l1130:
   764                           
   765                           ;MiniProyectoSPI.c: 105:     OSCCONbits.IRCF = 0b110;
   766  017C  1683               	bsf	3,5	;RP0=1, select bank1
   767  017D  1303               	bcf	3,6	;RP1=0, select bank1
   768  017E  080F               	movf	15,w	;volatile
   769  017F  398F               	andlw	-113
   770  0180  3860               	iorlw	96
   771  0181  008F               	movwf	15	;volatile
   772  0182                     l1132:
   773                           
   774                           ;MiniProyectoSPI.c: 106:     OSCCONbits.OSTS= 0;
   775  0182  118F               	bcf	15,3	;volatile
   776  0183                     l1134:
   777                           
   778                           ;MiniProyectoSPI.c: 107:     OSCCONbits.HTS = 0;
   779  0183  110F               	bcf	15,2	;volatile
   780  0184                     l1136:
   781                           
   782                           ;MiniProyectoSPI.c: 108:     OSCCONbits.LTS = 0;
   783  0184  108F               	bcf	15,1	;volatile
   784  0185                     l1138:
   785                           
   786                           ;MiniProyectoSPI.c: 109:     OSCCONbits.SCS = 1;
   787  0185  140F               	bsf	15,0	;volatile
   788  0186                     l80:
   789  0186  0008               	return
   790  0187                     __end_of_setup:
   791                           
   792                           	psect	text2
   793  0113                     __ptext2:	
   794 ;; *************** function _ISR *****************
   795 ;; Defined at:
   796 ;;		line 66 in file "MiniProyectoSPI.c"
   797 ;; Parameters:    Size  Location     Type
   798 ;;		None
   799 ;; Auto vars:     Size  Location     Type
   800 ;;		None
   801 ;; Return value:  Size  Location     Type
   802 ;;                  1    wreg      void 
   803 ;; Registers used:
   804 ;;		wreg, fsr0l, fsr0h, status,2, status,0, pclath, cstack
   805 ;; Tracked objects:
   806 ;;		On entry : 0/0
   807 ;;		On exit  : 0/0
   808 ;;		Unchanged: 0/0
   809 ;; Data sizes:     COMMON   BANK0   BANK1   BANK3   BANK2
   810 ;;      Params:         0       0       0       0       0
   811 ;;      Locals:         0       0       0       0       0
   812 ;;      Temps:          0       5       0       0       0
   813 ;;      Totals:         0       5       0       0       0
   814 ;;Total ram usage:        5 bytes
   815 ;; Hardware stack levels used:    1
   816 ;; Hardware stack levels required when called:    3
   817 ;; This function calls:
   818 ;;		_CONTADOR
   819 ;;		_itoa
   820 ;; This function is called by:
   821 ;;		Interrupt level 1
   822 ;; This function uses a non-reentrant model
   823 ;;
   824                           
   825                           
   826                           ;psect for function _ISR
   827  0113                     _ISR:
   828  0113                     i1l1140:
   829                           
   830                           ;MiniProyectoSPI.c: 67:     if (RCIF==1){
   831  0113  1E8C               	btfss	12,5	;volatile
   832  0114  2916               	goto	u43_21
   833  0115  2917               	goto	u43_20
   834  0116                     u43_21:
   835  0116  293A               	goto	i1l69
   836  0117                     u43_20:
   837  0117                     i1l1142:
   838                           
   839                           ;MiniProyectoSPI.c: 68:         O = CONTADOR ((int)RCREG);
   840  0117  081A               	movf	26,w	;volatile
   841  0118  00AA               	movwf	??_ISR
   842  0119  01AB               	clrf	??_ISR+1
   843  011A  082A               	movf	??_ISR,w
   844  011B  00F0               	movwf	CONTADOR@n
   845  011C  082B               	movf	??_ISR+1,w
   846  011D  00F1               	movwf	CONTADOR@n+1
   847  011E  120A  118A  2187  120A  118A  	fcall	_CONTADOR
   848  0123  0871               	movf	?_CONTADOR+1,w
   849  0124  1283               	bcf	3,5	;RP0=0, select bank0
   850  0125  1303               	bcf	3,6	;RP1=0, select bank0
   851  0126  00B2               	movwf	_O+1
   852  0127  0870               	movf	?_CONTADOR,w
   853  0128  00B1               	movwf	_O
   854  0129                     i1l1144:
   855                           
   856                           ;MiniProyectoSPI.c: 69:         itoa(COMPARE,O,10);
   857  0129  0832               	movf	_O+1,w
   858  012A  00A5               	movwf	itoa@val+1
   859  012B  0831               	movf	_O,w
   860  012C  00A4               	movwf	itoa@val
   861  012D  300A               	movlw	10
   862  012E  00A6               	movwf	itoa@base
   863  012F  3000               	movlw	0
   864  0130  00A7               	movwf	itoa@base+1
   865  0131  3034               	movlw	(low (_COMPARE| 0))& (0+255)
   866  0132  120A  118A  2143  120A  118A  	fcall	_itoa
   867  0137                     i1l1146:
   868                           
   869                           ;MiniProyectoSPI.c: 70:         RCIF=0;
   870  0137  1283               	bcf	3,5	;RP0=0, select bank0
   871  0138  1303               	bcf	3,6	;RP1=0, select bank0
   872  0139  128C               	bcf	12,5	;volatile
   873  013A                     i1l69:
   874  013A  082E               	movf	??_ISR+4,w
   875  013B  008A               	movwf	10
   876  013C  082D               	movf	??_ISR+3,w
   877  013D  0084               	movwf	4
   878  013E  0E2C               	swapf	??_ISR+2,w
   879  013F  0083               	movwf	3
   880  0140  0EFE               	swapf	btemp,f
   881  0141  0E7E               	swapf	btemp,w
   882  0142  0009               	retfie
   883  0143                     __end_of_ISR:
   884                           
   885                           	psect	intentry
   886  0004                     __pintentry:	
   887                           ;incstack = 0
   888                           ; Regs used in _ISR: [wreg-fsr0h+status,2+status,0+pclath+cstack]
   889                           
   890  0004                     interrupt_function:
   891  007E                     saved_w	set	btemp
   892  0004  00FE               	movwf	btemp
   893  0005  0E03               	swapf	3,w
   894  0006  1283               	bcf	3,5	;RP0=0, select bank0
   895  0007  1303               	bcf	3,6	;RP1=0, select bank0
   896  0008  00AC               	movwf	??_ISR+2
   897  0009  0804               	movf	4,w
   898  000A  00AD               	movwf	??_ISR+3
   899  000B  080A               	movf	10,w
   900  000C  00AE               	movwf	??_ISR+4
   901  000D  120A  118A  2913   	ljmp	_ISR
   902                           
   903                           	psect	text3
   904  0143                     __ptext3:	
   905 ;; *************** function _itoa *****************
   906 ;; Defined at:
   907 ;;		line 4 in file "C:\Program Files\Microchip\xc8\v2.31\pic\sources\c90\common\itoa.c"
   908 ;; Parameters:    Size  Location     Type
   909 ;;  buf             1    wreg     PTR unsigned char 
   910 ;;		 -> COMPARE(5), 
   911 ;;  val             2    4[BANK0 ] int 
   912 ;;  base            2    6[BANK0 ] int 
   913 ;; Auto vars:     Size  Location     Type
   914 ;;  buf             1    9[BANK0 ] PTR unsigned char 
   915 ;;		 -> COMPARE(5), 
   916 ;;  cp              1    0        PTR unsigned char 
   917 ;;		 -> COMPARE(5), 
   918 ;; Return value:  Size  Location     Type
   919 ;;                  1    wreg      PTR unsigned char 
   920 ;; Registers used:
   921 ;;		wreg, fsr0l, fsr0h, status,2, status,0, pclath, cstack
   922 ;; Tracked objects:
   923 ;;		On entry : 0/0
   924 ;;		On exit  : 0/0
   925 ;;		Unchanged: 0/0
   926 ;; Data sizes:     COMMON   BANK0   BANK1   BANK3   BANK2
   927 ;;      Params:         0       4       0       0       0
   928 ;;      Locals:         0       2       0       0       0
   929 ;;      Temps:          1       0       0       0       0
   930 ;;      Totals:         1       6       0       0       0
   931 ;;Total ram usage:        7 bytes
   932 ;; Hardware stack levels used:    1
   933 ;; Hardware stack levels required when called:    2
   934 ;; This function calls:
   935 ;;		_utoa
   936 ;; This function is called by:
   937 ;;		_ISR
   938 ;; This function uses a non-reentrant model
   939 ;;
   940                           
   941                           
   942                           ;psect for function _itoa
   943  0143                     _itoa:
   944                           
   945                           ;incstack = 0
   946                           ; Regs used in _itoa: [wreg-fsr0h+status,2+status,0+pclath+cstack]
   947                           ;itoa@buf stored from wreg
   948  0143  1283               	bcf	3,5	;RP0=0, select bank0
   949  0144  1303               	bcf	3,6	;RP1=0, select bank0
   950  0145  00A9               	movwf	itoa@buf
   951  0146                     i1l1110:
   952  0146                     i1l1112:
   953  0146  1FA5               	btfss	itoa@val+1,7
   954  0147  2949               	goto	u42_21
   955  0148  294A               	goto	u42_20
   956  0149                     u42_21:
   957  0149  295A               	goto	i1l1120
   958  014A                     u42_20:
   959  014A                     i1l1114:
   960  014A  302D               	movlw	45
   961  014B  00FD               	movwf	??_itoa
   962  014C  0829               	movf	itoa@buf,w
   963  014D  0084               	movwf	4
   964  014E  087D               	movf	??_itoa,w
   965  014F  1383               	bcf	3,7	;select IRP bank0
   966  0150  0080               	movwf	0
   967  0151                     i1l1116:
   968  0151  3001               	movlw	1
   969  0152  00FD               	movwf	??_itoa
   970  0153  087D               	movf	??_itoa,w
   971  0154  07A9               	addwf	itoa@buf,f
   972  0155                     i1l1118:
   973  0155  09A4               	comf	itoa@val,f
   974  0156  09A5               	comf	itoa@val+1,f
   975  0157  0AA4               	incf	itoa@val,f
   976  0158  1903               	skipnz
   977  0159  0AA5               	incf	itoa@val+1,f
   978  015A                     i1l1120:
   979  015A  0825               	movf	itoa@val+1,w
   980  015B  00F9               	movwf	utoa@val+1
   981  015C  0824               	movf	itoa@val,w
   982  015D  00F8               	movwf	utoa@val
   983  015E  0827               	movf	itoa@base+1,w
   984  015F  00FB               	movwf	utoa@base+1
   985  0160  0826               	movf	itoa@base,w
   986  0161  00FA               	movwf	utoa@base
   987  0162  0829               	movf	itoa@buf,w
   988  0163  120A  118A  2023  120A  118A  	fcall	_utoa
   989  0168                     i1l700:
   990  0168  0008               	return
   991  0169                     __end_of_itoa:
   992                           
   993                           	psect	text4
   994  0023                     __ptext4:	
   995 ;; *************** function _utoa *****************
   996 ;; Defined at:
   997 ;;		line 17 in file "C:\Program Files\Microchip\xc8\v2.31\pic\sources\c90\common\itoa.c"
   998 ;; Parameters:    Size  Location     Type
   999 ;;  buf             1    wreg     PTR unsigned char 
  1000 ;;		 -> COMPARE(5), 
  1001 ;;  val             2    8[COMMON] unsigned int 
  1002 ;;  base            2   10[COMMON] int 
  1003 ;; Auto vars:     Size  Location     Type
  1004 ;;  buf             1    3[BANK0 ] PTR unsigned char 
  1005 ;;		 -> COMPARE(5), 
  1006 ;;  v               2    0[BANK0 ] unsigned int 
  1007 ;;  c               1    2[BANK0 ] unsigned char 
  1008 ;; Return value:  Size  Location     Type
  1009 ;;                  1    wreg      PTR unsigned char 
  1010 ;; Registers used:
  1011 ;;		wreg, fsr0l, fsr0h, status,2, status,0, pclath, cstack
  1012 ;; Tracked objects:
  1013 ;;		On entry : 0/0
  1014 ;;		On exit  : 0/0
  1015 ;;		Unchanged: 0/0
  1016 ;; Data sizes:     COMMON   BANK0   BANK1   BANK3   BANK2
  1017 ;;      Params:         4       0       0       0       0
  1018 ;;      Locals:         0       4       0       0       0
  1019 ;;      Temps:          1       0       0       0       0
  1020 ;;      Totals:         5       4       0       0       0
  1021 ;;Total ram usage:        9 bytes
  1022 ;; Hardware stack levels used:    1
  1023 ;; Hardware stack levels required when called:    1
  1024 ;; This function calls:
  1025 ;;		___lwdiv
  1026 ;;		___lwmod
  1027 ;; This function is called by:
  1028 ;;		_itoa
  1029 ;; This function uses a non-reentrant model
  1030 ;;
  1031                           
  1032                           
  1033                           ;psect for function _utoa
  1034  0023                     _utoa:
  1035                           
  1036                           ;incstack = 0
  1037                           ; Regs used in _utoa: [wreg-fsr0h+status,2+status,0+pclath+cstack]
  1038                           ;utoa@buf stored from wreg
  1039  0023  1283               	bcf	3,5	;RP0=0, select bank0
  1040  0024  1303               	bcf	3,6	;RP1=0, select bank0
  1041  0025  00A3               	movwf	utoa@buf
  1042  0026                     i1l1076:
  1043  0026  0879               	movf	utoa@val+1,w
  1044  0027  00A1               	movwf	utoa@v+1
  1045  0028  0878               	movf	utoa@val,w
  1046  0029  00A0               	movwf	utoa@v
  1047  002A                     i1l1078:
  1048  002A  087B               	movf	utoa@base+1,w
  1049  002B  00F1               	movwf	___lwdiv@divisor+1
  1050  002C  087A               	movf	utoa@base,w
  1051  002D  00F0               	movwf	___lwdiv@divisor
  1052  002E  0821               	movf	utoa@v+1,w
  1053  002F  00F3               	movwf	___lwdiv@dividend+1
  1054  0030  0820               	movf	utoa@v,w
  1055  0031  00F2               	movwf	___lwdiv@dividend
  1056  0032  120A  118A  2095  120A  118A  	fcall	___lwdiv
  1057  0037  0871               	movf	?___lwdiv+1,w
  1058  0038  1283               	bcf	3,5	;RP0=0, select bank0
  1059  0039  1303               	bcf	3,6	;RP1=0, select bank0
  1060  003A  00A1               	movwf	utoa@v+1
  1061  003B  0870               	movf	?___lwdiv,w
  1062  003C  00A0               	movwf	utoa@v
  1063  003D                     i1l1080:
  1064  003D  3001               	movlw	1
  1065  003E  00FC               	movwf	??_utoa
  1066  003F  087C               	movf	??_utoa,w
  1067  0040  07A3               	addwf	utoa@buf,f
  1068  0041                     i1l1082:
  1069  0041  0820               	movf	utoa@v,w
  1070  0042  0421               	iorwf	utoa@v+1,w
  1071  0043  1D03               	btfss	3,2
  1072  0044  2846               	goto	u39_21
  1073  0045  2847               	goto	u39_20
  1074  0046                     u39_21:
  1075  0046  282A               	goto	i1l1078
  1076  0047                     u39_20:
  1077  0047                     i1l1084:
  1078  0047  0823               	movf	utoa@buf,w
  1079  0048  0084               	movwf	4
  1080  0049  1383               	bcf	3,7	;select IRP bank0
  1081  004A  0180               	clrf	0
  1082  004B                     i1l1086:
  1083  004B  3001               	movlw	1
  1084  004C  02A3               	subwf	utoa@buf,f
  1085  004D                     i1l1088:
  1086  004D  087B               	movf	utoa@base+1,w
  1087  004E  00F1               	movwf	___lwmod@divisor+1
  1088  004F  087A               	movf	utoa@base,w
  1089  0050  00F0               	movwf	___lwmod@divisor
  1090  0051  0879               	movf	utoa@val+1,w
  1091  0052  00F3               	movwf	___lwmod@dividend+1
  1092  0053  0878               	movf	utoa@val,w
  1093  0054  00F2               	movwf	___lwmod@dividend
  1094  0055  120A  118A  20D9  120A  118A  	fcall	___lwmod
  1095  005A  0870               	movf	?___lwmod,w
  1096  005B  00FC               	movwf	??_utoa
  1097  005C  087C               	movf	??_utoa,w
  1098  005D  1283               	bcf	3,5	;RP0=0, select bank0
  1099  005E  1303               	bcf	3,6	;RP1=0, select bank0
  1100  005F  00A2               	movwf	utoa@c
  1101  0060                     i1l1090:
  1102  0060  087B               	movf	utoa@base+1,w
  1103  0061  00F1               	movwf	___lwdiv@divisor+1
  1104  0062  087A               	movf	utoa@base,w
  1105  0063  00F0               	movwf	___lwdiv@divisor
  1106  0064  0879               	movf	utoa@val+1,w
  1107  0065  00F3               	movwf	___lwdiv@dividend+1
  1108  0066  0878               	movf	utoa@val,w
  1109  0067  00F2               	movwf	___lwdiv@dividend
  1110  0068  120A  118A  2095  120A  118A  	fcall	___lwdiv
  1111  006D  0871               	movf	?___lwdiv+1,w
  1112  006E  00F9               	movwf	utoa@val+1
  1113  006F  0870               	movf	?___lwdiv,w
  1114  0070  00F8               	movwf	utoa@val
  1115  0071                     i1l1092:
  1116  0071  300A               	movlw	10
  1117  0072  1283               	bcf	3,5	;RP0=0, select bank0
  1118  0073  1303               	bcf	3,6	;RP1=0, select bank0
  1119  0074  0222               	subwf	utoa@c,w
  1120  0075  1C03               	skipc
  1121  0076  2878               	goto	u40_21
  1122  0077  2879               	goto	u40_20
  1123  0078                     u40_21:
  1124  0078  287D               	goto	i1l706
  1125  0079                     u40_20:
  1126  0079                     i1l1094:
  1127  0079  3007               	movlw	7
  1128  007A  00FC               	movwf	??_utoa
  1129  007B  087C               	movf	??_utoa,w
  1130  007C  07A2               	addwf	utoa@c,f
  1131  007D                     i1l706:
  1132  007D  3030               	movlw	48
  1133  007E  00FC               	movwf	??_utoa
  1134  007F  087C               	movf	??_utoa,w
  1135  0080  07A2               	addwf	utoa@c,f
  1136  0081                     i1l1096:
  1137  0081  0822               	movf	utoa@c,w
  1138  0082  00FC               	movwf	??_utoa
  1139  0083  0823               	movf	utoa@buf,w
  1140  0084  0084               	movwf	4
  1141  0085  087C               	movf	??_utoa,w
  1142  0086  1383               	bcf	3,7	;select IRP bank0
  1143  0087  0080               	movwf	0
  1144  0088                     i1l1098:
  1145  0088  3001               	movlw	1
  1146  0089  02A3               	subwf	utoa@buf,f
  1147  008A                     i1l1100:
  1148  008A  0878               	movf	utoa@val,w
  1149  008B  0479               	iorwf	utoa@val+1,w
  1150  008C  1D03               	btfss	3,2
  1151  008D  288F               	goto	u41_21
  1152  008E  2890               	goto	u41_20
  1153  008F                     u41_21:
  1154  008F  284D               	goto	i1l1088
  1155  0090                     u41_20:
  1156  0090                     i1l1102:
  1157                           
  1158                           ;	Return value of _utoa is never used
  1159  0090  3001               	movlw	1
  1160  0091  00FC               	movwf	??_utoa
  1161  0092  087C               	movf	??_utoa,w
  1162  0093  07A3               	addwf	utoa@buf,f
  1163  0094                     i1l708:
  1164  0094  0008               	return
  1165  0095                     __end_of_utoa:
  1166                           
  1167                           	psect	text5
  1168  00D9                     __ptext5:	
  1169 ;; *************** function ___lwmod *****************
  1170 ;; Defined at:
  1171 ;;		line 5 in file "C:\Program Files\Microchip\xc8\v2.31\pic\sources\c90\common\lwmod.c"
  1172 ;; Parameters:    Size  Location     Type
  1173 ;;  divisor         2    0[COMMON] unsigned int 
  1174 ;;  dividend        2    2[COMMON] unsigned int 
  1175 ;; Auto vars:     Size  Location     Type
  1176 ;;  counter         1    5[COMMON] unsigned char 
  1177 ;; Return value:  Size  Location     Type
  1178 ;;                  2    0[COMMON] unsigned int 
  1179 ;; Registers used:
  1180 ;;		wreg, status,2, status,0
  1181 ;; Tracked objects:
  1182 ;;		On entry : 0/0
  1183 ;;		On exit  : 0/0
  1184 ;;		Unchanged: 0/0
  1185 ;; Data sizes:     COMMON   BANK0   BANK1   BANK3   BANK2
  1186 ;;      Params:         4       0       0       0       0
  1187 ;;      Locals:         1       0       0       0       0
  1188 ;;      Temps:          1       0       0       0       0
  1189 ;;      Totals:         6       0       0       0       0
  1190 ;;Total ram usage:        6 bytes
  1191 ;; Hardware stack levels used:    1
  1192 ;; This function calls:
  1193 ;;		Nothing
  1194 ;; This function is called by:
  1195 ;;		_utoa
  1196 ;; This function uses a non-reentrant model
  1197 ;;
  1198                           
  1199                           
  1200                           ;psect for function ___lwmod
  1201  00D9                     ___lwmod:
  1202  00D9                     i1l1054:	
  1203                           ;incstack = 0
  1204                           ; Regs used in ___lwmod: [wreg+status,2+status,0]
  1205                           
  1206  00D9  0870               	movf	___lwmod@divisor,w
  1207  00DA  0471               	iorwf	___lwmod@divisor+1,w
  1208  00DB  1903               	btfsc	3,2
  1209  00DC  28DE               	goto	u33_21
  1210  00DD  28DF               	goto	u33_20
  1211  00DE                     u33_21:
  1212  00DE  290E               	goto	i1l1072
  1213  00DF                     u33_20:
  1214  00DF                     i1l1056:
  1215  00DF  01F5               	clrf	___lwmod@counter
  1216  00E0  0AF5               	incf	___lwmod@counter,f
  1217  00E1  28ED               	goto	i1l1062
  1218  00E2                     i1l1058:
  1219  00E2  3001               	movlw	1
  1220  00E3                     u34_25:
  1221  00E3  1003               	clrc
  1222  00E4  0DF0               	rlf	___lwmod@divisor,f
  1223  00E5  0DF1               	rlf	___lwmod@divisor+1,f
  1224  00E6  3EFF               	addlw	-1
  1225  00E7  1D03               	skipz
  1226  00E8  28E3               	goto	u34_25
  1227  00E9                     i1l1060:
  1228  00E9  3001               	movlw	1
  1229  00EA  00F4               	movwf	??___lwmod
  1230  00EB  0874               	movf	??___lwmod,w
  1231  00EC  07F5               	addwf	___lwmod@counter,f
  1232  00ED                     i1l1062:
  1233  00ED  1FF1               	btfss	___lwmod@divisor+1,7
  1234  00EE  28F0               	goto	u35_21
  1235  00EF  28F1               	goto	u35_20
  1236  00F0                     u35_21:
  1237  00F0  28E2               	goto	i1l1058
  1238  00F1                     u35_20:
  1239  00F1                     i1l1064:
  1240  00F1  0871               	movf	___lwmod@divisor+1,w
  1241  00F2  0273               	subwf	___lwmod@dividend+1,w
  1242  00F3  1D03               	skipz
  1243  00F4  28F7               	goto	u36_25
  1244  00F5  0870               	movf	___lwmod@divisor,w
  1245  00F6  0272               	subwf	___lwmod@dividend,w
  1246  00F7                     u36_25:
  1247  00F7  1C03               	skipc
  1248  00F8  28FA               	goto	u36_21
  1249  00F9  28FB               	goto	u36_20
  1250  00FA                     u36_21:
  1251  00FA  2901               	goto	i1l1068
  1252  00FB                     u36_20:
  1253  00FB                     i1l1066:
  1254  00FB  0870               	movf	___lwmod@divisor,w
  1255  00FC  02F2               	subwf	___lwmod@dividend,f
  1256  00FD  0871               	movf	___lwmod@divisor+1,w
  1257  00FE  1C03               	skipc
  1258  00FF  03F3               	decf	___lwmod@dividend+1,f
  1259  0100  02F3               	subwf	___lwmod@dividend+1,f
  1260  0101                     i1l1068:
  1261  0101  3001               	movlw	1
  1262  0102                     u37_25:
  1263  0102  1003               	clrc
  1264  0103  0CF1               	rrf	___lwmod@divisor+1,f
  1265  0104  0CF0               	rrf	___lwmod@divisor,f
  1266  0105  3EFF               	addlw	-1
  1267  0106  1D03               	skipz
  1268  0107  2902               	goto	u37_25
  1269  0108                     i1l1070:
  1270  0108  3001               	movlw	1
  1271  0109  02F5               	subwf	___lwmod@counter,f
  1272  010A  1D03               	btfss	3,2
  1273  010B  290D               	goto	u38_21
  1274  010C  290E               	goto	u38_20
  1275  010D                     u38_21:
  1276  010D  28F1               	goto	i1l1064
  1277  010E                     u38_20:
  1278  010E                     i1l1072:
  1279  010E  0873               	movf	___lwmod@dividend+1,w
  1280  010F  00F1               	movwf	?___lwmod+1
  1281  0110  0872               	movf	___lwmod@dividend,w
  1282  0111  00F0               	movwf	?___lwmod
  1283  0112                     i1l528:
  1284  0112  0008               	return
  1285  0113                     __end_of___lwmod:
  1286                           
  1287                           	psect	text6
  1288  0095                     __ptext6:	
  1289 ;; *************** function ___lwdiv *****************
  1290 ;; Defined at:
  1291 ;;		line 5 in file "C:\Program Files\Microchip\xc8\v2.31\pic\sources\c90\common\lwdiv.c"
  1292 ;; Parameters:    Size  Location     Type
  1293 ;;  divisor         2    0[COMMON] unsigned int 
  1294 ;;  dividend        2    2[COMMON] unsigned int 
  1295 ;; Auto vars:     Size  Location     Type
  1296 ;;  quotient        2    5[COMMON] unsigned int 
  1297 ;;  counter         1    7[COMMON] unsigned char 
  1298 ;; Return value:  Size  Location     Type
  1299 ;;                  2    0[COMMON] unsigned int 
  1300 ;; Registers used:
  1301 ;;		wreg, status,2, status,0
  1302 ;; Tracked objects:
  1303 ;;		On entry : 0/0
  1304 ;;		On exit  : 0/0
  1305 ;;		Unchanged: 0/0
  1306 ;; Data sizes:     COMMON   BANK0   BANK1   BANK3   BANK2
  1307 ;;      Params:         4       0       0       0       0
  1308 ;;      Locals:         3       0       0       0       0
  1309 ;;      Temps:          1       0       0       0       0
  1310 ;;      Totals:         8       0       0       0       0
  1311 ;;Total ram usage:        8 bytes
  1312 ;; Hardware stack levels used:    1
  1313 ;; This function calls:
  1314 ;;		Nothing
  1315 ;; This function is called by:
  1316 ;;		_utoa
  1317 ;; This function uses a non-reentrant model
  1318 ;;
  1319                           
  1320                           
  1321                           ;psect for function ___lwdiv
  1322  0095                     ___lwdiv:
  1323  0095                     i1l1028:	
  1324                           ;incstack = 0
  1325                           ; Regs used in ___lwdiv: [wreg+status,2+status,0]
  1326                           
  1327  0095  01F5               	clrf	___lwdiv@quotient
  1328  0096  01F6               	clrf	___lwdiv@quotient+1
  1329  0097                     i1l1030:
  1330  0097  0870               	movf	___lwdiv@divisor,w
  1331  0098  0471               	iorwf	___lwdiv@divisor+1,w
  1332  0099  1903               	btfsc	3,2
  1333  009A  289C               	goto	u26_21
  1334  009B  289D               	goto	u26_20
  1335  009C                     u26_21:
  1336  009C  28D4               	goto	i1l1050
  1337  009D                     u26_20:
  1338  009D                     i1l1032:
  1339  009D  01F7               	clrf	___lwdiv@counter
  1340  009E  0AF7               	incf	___lwdiv@counter,f
  1341  009F  28AB               	goto	i1l1038
  1342  00A0                     i1l1034:
  1343  00A0  3001               	movlw	1
  1344  00A1                     u27_25:
  1345  00A1  1003               	clrc
  1346  00A2  0DF0               	rlf	___lwdiv@divisor,f
  1347  00A3  0DF1               	rlf	___lwdiv@divisor+1,f
  1348  00A4  3EFF               	addlw	-1
  1349  00A5  1D03               	skipz
  1350  00A6  28A1               	goto	u27_25
  1351  00A7                     i1l1036:
  1352  00A7  3001               	movlw	1
  1353  00A8  00F4               	movwf	??___lwdiv
  1354  00A9  0874               	movf	??___lwdiv,w
  1355  00AA  07F7               	addwf	___lwdiv@counter,f
  1356  00AB                     i1l1038:
  1357  00AB  1FF1               	btfss	___lwdiv@divisor+1,7
  1358  00AC  28AE               	goto	u28_21
  1359  00AD  28AF               	goto	u28_20
  1360  00AE                     u28_21:
  1361  00AE  28A0               	goto	i1l1034
  1362  00AF                     u28_20:
  1363  00AF                     i1l1040:
  1364  00AF  3001               	movlw	1
  1365  00B0                     u29_25:
  1366  00B0  1003               	clrc
  1367  00B1  0DF5               	rlf	___lwdiv@quotient,f
  1368  00B2  0DF6               	rlf	___lwdiv@quotient+1,f
  1369  00B3  3EFF               	addlw	-1
  1370  00B4  1D03               	skipz
  1371  00B5  28B0               	goto	u29_25
  1372  00B6  0871               	movf	___lwdiv@divisor+1,w
  1373  00B7  0273               	subwf	___lwdiv@dividend+1,w
  1374  00B8  1D03               	skipz
  1375  00B9  28BC               	goto	u30_25
  1376  00BA  0870               	movf	___lwdiv@divisor,w
  1377  00BB  0272               	subwf	___lwdiv@dividend,w
  1378  00BC                     u30_25:
  1379  00BC  1C03               	skipc
  1380  00BD  28BF               	goto	u30_21
  1381  00BE  28C0               	goto	u30_20
  1382  00BF                     u30_21:
  1383  00BF  28C7               	goto	i1l1046
  1384  00C0                     u30_20:
  1385  00C0                     i1l1042:
  1386  00C0  0870               	movf	___lwdiv@divisor,w
  1387  00C1  02F2               	subwf	___lwdiv@dividend,f
  1388  00C2  0871               	movf	___lwdiv@divisor+1,w
  1389  00C3  1C03               	skipc
  1390  00C4  03F3               	decf	___lwdiv@dividend+1,f
  1391  00C5  02F3               	subwf	___lwdiv@dividend+1,f
  1392  00C6                     i1l1044:
  1393  00C6  1475               	bsf	___lwdiv@quotient,0
  1394  00C7                     i1l1046:
  1395  00C7  3001               	movlw	1
  1396  00C8                     u31_25:
  1397  00C8  1003               	clrc
  1398  00C9  0CF1               	rrf	___lwdiv@divisor+1,f
  1399  00CA  0CF0               	rrf	___lwdiv@divisor,f
  1400  00CB  3EFF               	addlw	-1
  1401  00CC  1D03               	skipz
  1402  00CD  28C8               	goto	u31_25
  1403  00CE                     i1l1048:
  1404  00CE  3001               	movlw	1
  1405  00CF  02F7               	subwf	___lwdiv@counter,f
  1406  00D0  1D03               	btfss	3,2
  1407  00D1  28D3               	goto	u32_21
  1408  00D2  28D4               	goto	u32_20
  1409  00D3                     u32_21:
  1410  00D3  28AF               	goto	i1l1040
  1411  00D4                     u32_20:
  1412  00D4                     i1l1050:
  1413  00D4  0876               	movf	___lwdiv@quotient+1,w
  1414  00D5  00F1               	movwf	?___lwdiv+1
  1415  00D6  0875               	movf	___lwdiv@quotient,w
  1416  00D7  00F0               	movwf	?___lwdiv
  1417  00D8                     i1l518:
  1418  00D8  0008               	return
  1419  00D9                     __end_of___lwdiv:
  1420                           
  1421                           	psect	text7
  1422  0187                     __ptext7:	
  1423 ;; *************** function _CONTADOR *****************
  1424 ;; Defined at:
  1425 ;;		line 8 in file "ADC.c"
  1426 ;; Parameters:    Size  Location     Type
  1427 ;;  n               2    0[COMMON] int 
  1428 ;; Auto vars:     Size  Location     Type
  1429 ;;		None
  1430 ;; Return value:  Size  Location     Type
  1431 ;;                  2    0[COMMON] int 
  1432 ;; Registers used:
  1433 ;;		wreg
  1434 ;; Tracked objects:
  1435 ;;		On entry : 0/0
  1436 ;;		On exit  : 0/0
  1437 ;;		Unchanged: 0/0
  1438 ;; Data sizes:     COMMON   BANK0   BANK1   BANK3   BANK2
  1439 ;;      Params:         2       0       0       0       0
  1440 ;;      Locals:         0       0       0       0       0
  1441 ;;      Temps:          0       0       0       0       0
  1442 ;;      Totals:         2       0       0       0       0
  1443 ;;Total ram usage:        2 bytes
  1444 ;; Hardware stack levels used:    1
  1445 ;; This function calls:
  1446 ;;		Nothing
  1447 ;; This function is called by:
  1448 ;;		_ISR
  1449 ;; This function uses a non-reentrant model
  1450 ;;
  1451                           
  1452                           
  1453                           ;psect for function _CONTADOR
  1454  0187                     _CONTADOR:
  1455  0187                     i1l1106:	
  1456                           ;incstack = 0
  1457                           ; Regs used in _CONTADOR: [wreg]
  1458                           
  1459                           
  1460                           ;ADC.c: 9:     Destination = n;
  1461  0187  0871               	movf	CONTADOR@n+1,w
  1462  0188  1283               	bcf	3,5	;RP0=0, select bank0
  1463  0189  1303               	bcf	3,6	;RP1=0, select bank0
  1464  018A  00B0               	movwf	_Destination+1
  1465  018B  0870               	movf	CONTADOR@n,w
  1466  018C  00AF               	movwf	_Destination
  1467                           
  1468                           ;ADC.c: 10:     return ((Destination)*1);
  1469  018D  0830               	movf	_Destination+1,w
  1470  018E  00F1               	movwf	?_CONTADOR+1
  1471  018F  082F               	movf	_Destination,w
  1472  0190  00F0               	movwf	?_CONTADOR
  1473  0191                     i1l15:
  1474  0191  0008               	return
  1475  0192                     __end_of_CONTADOR:
  1476  007E                     btemp	set	126	;btemp
  1477  007E                     wtemp0	set	126
  1478                           
  1479                           	psect	config
  1480                           
  1481                           ;Config register CONFIG1 @ 0x2007
  1482                           ;	Oscillator Selection bits
  1483                           ;	FOSC = INTRC_NOCLKOUT, INTOSCIO oscillator: I/O function on RA6/OSC2/CLKOUT pin, I/O f
      +                          unction on RA7/OSC1/CLKIN
  1484                           ;	Watchdog Timer Enable bit
  1485                           ;	WDTE = OFF, WDT disabled and can be enabled by SWDTEN bit of the WDTCON register
  1486                           ;	Power-up Timer Enable bit
  1487                           ;	PWRTE = OFF, PWRT disabled
  1488                           ;	RE3/MCLR pin function select bit
  1489                           ;	MCLRE = OFF, RE3/MCLR pin function is digital input, MCLR internally tied to VDD
  1490                           ;	Code Protection bit
  1491                           ;	CP = OFF, Program memory code protection is disabled
  1492                           ;	Data Code Protection bit
  1493                           ;	CPD = OFF, Data memory code protection is disabled
  1494                           ;	Brown Out Reset Selection bits
  1495                           ;	BOREN = OFF, BOR disabled
  1496                           ;	Internal External Switchover bit
  1497                           ;	IESO = OFF, Internal/External Switchover mode is disabled
  1498                           ;	Fail-Safe Clock Monitor Enabled bit
  1499                           ;	FCMEN = OFF, Fail-Safe Clock Monitor is disabled
  1500                           ;	Low Voltage Programming Enable bit
  1501                           ;	LVP = OFF, RB3 pin has digital I/O, HV on MCLR must be used for programming
  1502                           ;	In-Circuit Debugger Mode bit
  1503                           ;	DEBUG = 0x1, unprogrammed default
  1504  2007                     	org	8199
  1505  2007  20D4               	dw	8404
  1506                           
  1507                           ;Config register CONFIG2 @ 0x2008
  1508                           ;	Brown-out Reset Selection bit
  1509                           ;	BOR4V = BOR40V, Brown-out Reset set to 4.0V
  1510                           ;	Flash Program Memory Self Write Enable bits
  1511                           ;	WRT = OFF, Write protection off
  1512  2008                     	org	8200
  1513  2008  3FFF               	dw	16383

Data Sizes:
    Strings     0
    Constant    0
    Data        0
    BSS         10
    Persistent  0
    Stack       0

Auto Spaces:
    Space          Size  Autos    Used
    COMMON           14     14      14
    BANK0            80     15      25
    BANK1            80      0       0
    BANK3            96      0       0
    BANK2            96      0       0

Pointer List with Targets:

    utoa@buf	PTR unsigned char  size(1) Largest target is 5
		 -> COMPARE(BANK0[5]), 

    sp__utoa	PTR unsigned char  size(1) Largest target is 5
		 -> COMPARE(BANK0[5]), 

    itoa@buf	PTR unsigned char  size(1) Largest target is 5
		 -> COMPARE(BANK0[5]), 

    itoa@cp	PTR unsigned char  size(1) Largest target is 5
		 -> COMPARE(BANK0[5]), 

    sp__itoa	PTR unsigned char  size(1) Largest target is 5
		 -> COMPARE(BANK0[5]), 


Critical Paths under _main in COMMON

    None.

Critical Paths under _ISR in COMMON

    _ISR->_itoa
    _itoa->_utoa
    _utoa->___lwdiv

Critical Paths under _main in BANK0

    None.

Critical Paths under _ISR in BANK0

    _ISR->_itoa
    _itoa->_utoa

Critical Paths under _main in BANK1

    None.

Critical Paths under _ISR in BANK1

    None.

Critical Paths under _main in BANK3

    None.

Critical Paths under _ISR in BANK3

    None.

Critical Paths under _main in BANK2

    None.

Critical Paths under _ISR in BANK2

    None.

Call Graph Tables:

 ---------------------------------------------------------------------------------
 (Depth) Function   	        Calls       Base Space   Used Autos Params    Refs
 ---------------------------------------------------------------------------------
 (0) _main                                                 0     0      0       0
                              _setup
 ---------------------------------------------------------------------------------
 (1) _setup                                                0     0      0       0
 ---------------------------------------------------------------------------------
 Estimated maximum stack depth 1
 ---------------------------------------------------------------------------------
 (Depth) Function   	        Calls       Base Space   Used Autos Params    Refs
 ---------------------------------------------------------------------------------
 (2) _ISR                                                  5     5      0    1710
                                             10 BANK0      5     5      0
                           _CONTADOR
                               _itoa
 ---------------------------------------------------------------------------------
 (3) _itoa                                                 7     3      4    1612
                                             13 COMMON     1     1      0
                                              4 BANK0      6     2      4
                               _utoa
 ---------------------------------------------------------------------------------
 (4) _utoa                                                 9     5      4    1264
                                              8 COMMON     5     1      4
                                              0 BANK0      4     4      0
                            ___lwdiv
                            ___lwmod
 ---------------------------------------------------------------------------------
 (5) ___lwmod                                              6     2      4     311
                                              0 COMMON     6     2      4
 ---------------------------------------------------------------------------------
 (5) ___lwdiv                                              8     4      4     466
                                              0 COMMON     8     4      4
 ---------------------------------------------------------------------------------
 (3) _CONTADOR                                             2     0      2      98
                                              0 COMMON     2     0      2
 ---------------------------------------------------------------------------------
 Estimated maximum stack depth 5
 ---------------------------------------------------------------------------------

 Call Graph Graphs:

 _main (ROOT)
   _setup

 _ISR (ROOT)
   _CONTADOR
   _itoa
     _utoa
       ___lwdiv
       ___lwmod

 Address spaces:
Name               Size   Autos  Total    Cost      Usage
BITCOMMON            E      0       0       0        0.0%
EEDATA             100      0       0       0        0.0%
NULL                 0      0       0       0        0.0%
CODE                 0      0       0       0        0.0%
COMMON               E      E       E       1      100.0%
BITSFR0              0      0       0       1        0.0%
SFR0                 0      0       0       1        0.0%
BITSFR1              0      0       0       2        0.0%
SFR1                 0      0       0       2        0.0%
STACK                0      0       0       2        0.0%
ABS                  0      0      27       3        0.0%
BITBANK0            50      0       0       4        0.0%
BITSFR3              0      0       0       4        0.0%
SFR3                 0      0       0       4        0.0%
BANK0               50      F      19       5       31.2%
BITSFR2              0      0       0       5        0.0%
SFR2                 0      0       0       5        0.0%
BITBANK1            50      0       0       6        0.0%
BANK1               50      0       0       7        0.0%
BITBANK3            60      0       0       8        0.0%
BANK3               60      0       0       9        0.0%
BITBANK2            60      0       0      10        0.0%
BANK2               60      0       0      11        0.0%
DATA                 0      0      27      12        0.0%


Microchip Technology PIC Macro Assembler V2.31 build 20201012212115 
Symbol Table                                                                                   Fri Feb 19 17:13:34 2021

                      _O 0031                       l80 0186                       l74 0197  
                     l75 0197                      _RE0 0048                      _RE1 0049  
                    _RE2 004A                      _ISR 0113                      fsr0 0004  
                    indf 0000                     ?_ISR 0070                     l1130 017C  
                   l1132 0182                     l1124 0169                     l1134 0183  
                   l1126 016D                     l1136 0184                     l1128 016E  
                   l1138 0185                     l1148 0192                     i1l15 0191  
                   _RCIF 0065                     i1l69 013A                     _TRMT 04C1  
                   _main 0192                     _itoa 0143                     btemp 007E  
                   _utoa 0023                     start 0010         __end_of_CONTADOR 0192  
                  ??_ISR 002A                    ?_main 0070                    ?_itoa 0024  
                  _ANSEL 0188                    ?_utoa 0078          __end_of___lwdiv 00D9  
        __end_of___lwmod 0113                    i1l700 0168                    i1l518 00D8  
                  i1l528 0112                    i1l706 007D                    i1l708 0094  
                  _RCREG 001A                    u30_20 00C0                    u30_21 00BF  
                  u30_25 00BC                    u31_25 00C8                    u32_20 00D4  
                  u40_20 0079                    u32_21 00D3                    u40_21 0078  
                  u33_20 00DF                    u41_20 0090                    u33_21 00DE  
                  u41_21 008F                    u26_20 009D                    u42_20 014A  
                  u26_21 009C                    u42_21 0149                    _SPBRG 0099  
                  u34_25 00E3                    u35_20 00F1                    u43_20 0117  
                  u35_21 00F0                    u43_21 0116                    _PORTA 0005  
                  _PORTB 0006                    _PORTC 0007                    _PORTD 0008  
                  u27_25 00A1                    _PORTE 0009                    u28_20 00AF  
                  u36_20 00FB                    u28_21 00AE                    u36_21 00FA  
                  u36_25 00F7                    u29_25 00B0                    u37_25 0102  
                  u38_20 010E                    u38_21 010D                    u39_20 0047  
                  u39_21 0046                    _TRISA 0085                    _TRISB 0086  
                  _TRISD 0088                    _TRISE 0089                    _TXREG 0019  
                  _setup 0169                    pclath 000A                    utoa@c 0022  
                  utoa@v 0020                    status 0003                    wtemp0 007E  
        __initialization 0013             __end_of_main 019B             __end_of_itoa 0169  
           __end_of_utoa 0095                   ??_main 002F                   ??_itoa 007D  
                 ??_utoa 007C                   _ADRESH 001E                   ?_setup 0070  
                 _ANSELH 0189              _Destination 002F                   i1l1100 008A  
                 i1l1030 0097                   i1l1102 0090                   i1l1110 0146  
                 i1l1040 00AF                   i1l1032 009D                   i1l1120 015A  
                 i1l1112 0146                   i1l1106 0187                   i1l1042 00C0  
                 i1l1034 00A0                   i1l1050 00D4                   i1l1114 014A  
                 i1l1044 00C6                   i1l1036 00A7                   i1l1028 0095  
                 i1l1060 00E9                   i1l1116 0151                   i1l1140 0113  
                 i1l1046 00C7                   i1l1038 00AB                   i1l1070 0108  
                 i1l1062 00ED                   i1l1054 00D9                   i1l1118 0155  
                 i1l1142 0117                   i1l1048 00CE                   i1l1064 00F1  
                 i1l1056 00DF                   i1l1072 010E                   i1l1080 003D  
                 i1l1144 0129                   i1l1066 00FB                   i1l1058 00E2  
                 i1l1090 0060                   i1l1082 0041                   i1l1146 0137  
                 i1l1068 0101                   i1l1092 0071                   i1l1084 0047  
                 i1l1076 0026                   i1l1094 0079                   i1l1086 004B  
                 i1l1078 002A                   i1l1096 0081                   i1l1088 004D  
                 i1l1098 0088                ??___lwdiv 0074                ??___lwmod 0074  
              CONTADOR@n 0070                   saved_w 007E                ?_CONTADOR 0070  
__end_of__initialization 001F           __pcstackCOMMON 0070            __end_of_setup 0187  
                ??_setup 002F               ??_CONTADOR 0072               __pbssBANK0 002F  
             __pmaintext 0192               __pintentry 0004                  _COMPARE 0034  
                ___lwdiv 0095                  ___lwmod 00D9                  __ptext1 0169  
                __ptext2 0113                  __ptext3 0143                  __ptext4 0023  
                __ptext5 00D9                  __ptext6 0095                  __ptext7 0187  
           __size_of_ISR 0030     end_of_initialization 001F                  itoa@buf 0029  
                itoa@val 0024                _RCSTAbits 0018                  utoa@buf 0023  
                utoa@val 0078        __size_of_CONTADOR 000B                _TXSTAbits 0098  
    start_initialization 0013              __end_of_ISR 0143                ___latbits 0002  
          __pcstackBANK0 0020         ___lwdiv@dividend 0072                 ?___lwdiv 0070  
               ?___lwmod 0070         ___lwdiv@quotient 0075                 _CONTADOR 0187  
         __size_of_setup 001E        interrupt_function 0004                 _PIE1bits 008C  
               _PIR1bits 000C               _ADCON0bits 001F               _ADCON1bits 009F  
               _Contador 0033         __size_of___lwdiv 0044         __size_of___lwmod 003A  
        ___lwdiv@divisor 0070          ___lwdiv@counter 0077            __size_of_main 0009  
          __size_of_itoa 0026            __size_of_utoa 0072               _INTCONbits 000B  
               itoa@base 0026                 intlevel1 0000         ___lwmod@dividend 0072  
             _OSCCONbits 008F                 utoa@base 007A          ___lwmod@divisor 0070  
        ___lwmod@counter 0075  
